[debug] [2022-02-15T06:20:22.943Z] ----------------------------------------------------------------------
[debug] [2022-02-15T06:20:22.945Z] Command:       C:\Program Files\nodejs\node.exe C:\Program Files\nodejs\node_modules\firebase-tools\lib\bin\firebase.js init
[debug] [2022-02-15T06:20:22.945Z] CLI Version:   10.1.4
[debug] [2022-02-15T06:20:22.945Z] Platform:      win32
[debug] [2022-02-15T06:20:22.945Z] Node Version:  v16.13.2
[debug] [2022-02-15T06:20:22.953Z] Time:          Tue Feb 15 2022 15:20:22 GMT+0900 (日本標準時)
[debug] [2022-02-15T06:20:22.954Z] ----------------------------------------------------------------------
[debug] 
[debug] [2022-02-15T06:20:22.961Z] >>> [apiv2][query] GET https://firebase-public.firebaseio.com/cli.json [none]
[debug] [2022-02-15T06:20:22.995Z] > command requires scopes: ["email","openid","https://www.googleapis.com/auth/cloudplatformprojects.readonly","https://www.googleapis.com/auth/firebase","https://www.googleapis.com/auth/cloud-platform"]
[debug] [2022-02-15T06:20:22.995Z] > authorizing via signed-in user (nagasaki@sakurug.co.jp)
[info] 
     ######## #### ########  ######## ########     ###     ######  ########
     ##        ##  ##     ## ##       ##     ##  ##   ##  ##       ##
     ######    ##  ########  ######   ########  #########  ######  ######
     ##        ##  ##    ##  ##       ##     ## ##     ##       ## ##
     ##       #### ##     ## ######## ########  ##     ##  ######  ########

You're about to initialize a Firebase project in this directory:

  C:\Users\sakur\todoApp

[debug] [2022-02-15T06:20:23.543Z] <<< [apiv2][status] GET https://firebase-public.firebaseio.com/cli.json 200
[debug] [2022-02-15T06:20:23.543Z] <<< [apiv2][body] GET https://firebase-public.firebaseio.com/cli.json {"cloudBuildErrorAfter":1594252800000,"cloudBuildWarnAfter":1590019200000,"defaultNode10After":1594252800000,"minVersion":"3.0.5","node8DeploysDisabledAfter":1613390400000,"node8RuntimeDisabledAfter":1615809600000,"node8WarnAfter":1600128000000}
